<?xml version="1.0" encoding="UTF-8"?>
<!-- Generated by org.testng.reporters.JUnitReportReporter -->
<testsuite skipped="0" hostname="DESKTOP-OE9EALR" name="com.inetbanking.testCases.TC_LoginTest_001" tests="1" failures="0" timestamp="08 May 2019 02:41:16 GMT" time="2.490" errors="0">
  <testcase name="loginTest" time="2.490" classname="com.inetbanking.testCases.TC_LoginTest_001"/>
</testsuite> <!-- com.inetbanking.testCases.TC_LoginTest_001 -->
